<?xml version="1.0" encoding="UTF-8"?>
<!-- Generated by org.testng.reporters.JUnitXMLReporter -->
<testsuite hostname="DESKTOP-DVEOUHU" name="Default test" tests="2" failures="0" timestamp="6 Jun 2019 11:45:03 GMT" time="4.81" errors="0">
  <testcase name="VerifyInvalidLogin" time="0.0" classname="Guru99_bank.excelreadTest">
    <skipped/>
  </testcase> <!-- VerifyInvalidLogin -->
  <testcase name="tearDown" time="0.641" classname="Guru99_bank.excelreadTest"/>
</testsuite> <!-- Default test -->
