<?xml version="1.0" encoding="UTF-8"?>
<testng-results skipped="1" failed="0" total="2" passed="1">
  <reporter-output>
  </reporter-output>
  <suite name="Default suite" duration-ms="4810" started-at="2019-06-06T11:44:58Z" finished-at="2019-06-06T11:45:03Z">
    <groups>
    </groups>
    <test name="Default test" duration-ms="4810" started-at="2019-06-06T11:44:58Z" finished-at="2019-06-06T11:45:03Z">
      <class name="Guru99_bank.excelreadTest">
        <test-method status="PASS" signature="testSetup()[pri:0, instance:Guru99_bank.excelreadTest@5a01ccaa]" name="testSetup" is-config="true" duration-ms="4149" started-at="2019-06-06T17:14:58Z" finished-at="2019-06-06T17:15:03Z">
          <reporter-output>
          </reporter-output>
        </test-method> <!-- testSetup -->
        <test-method status="SKIP" signature="VerifyInvalidLogin(java.lang.String, java.lang.String)[pri:0, instance:Guru99_bank.excelreadTest@5a01ccaa]" name="VerifyInvalidLogin" duration-ms="0" started-at="2019-06-06T17:15:03Z" data-provider="empLogin" finished-at="2019-06-06T17:15:03Z">
          <exception class="java.lang.RuntimeException">
            <message>
              <![CDATA[java.lang.Error: Unresolved compilation problems: 
	Workbook cannot be resolved to a type
	Workbook cannot be resolved
	Sheet cannot be resolved to a type
]]>
            </message>
            <full-stacktrace>
              <![CDATA[java.lang.RuntimeException: java.lang.Error: Unresolved compilation problems: 
	Workbook cannot be resolved to a type
	Workbook cannot be resolved
	Sheet cannot be resolved to a type

	at org.testng.internal.MethodInvocationHelper.invokeDataProvider(MethodInvocationHelper.java:162)
	at org.testng.internal.Parameters.handleParameters(Parameters.java:441)
	at org.testng.internal.Invoker.handleParameters(Invoker.java:1303)
	at org.testng.internal.Invoker.createParameters(Invoker.java:1019)
	at org.testng.internal.Invoker.invokeTestMethods(Invoker.java:1108)
	at org.testng.internal.TestMethodWorker.invokeTestMethods(TestMethodWorker.java:124)
	at org.testng.internal.TestMethodWorker.run(TestMethodWorker.java:108)
	at org.testng.TestRunner.privateRun(TestRunner.java:771)
	at org.testng.TestRunner.run(TestRunner.java:621)
	at org.testng.SuiteRunner.runTest(SuiteRunner.java:357)
	at org.testng.SuiteRunner.runSequentially(SuiteRunner.java:352)
	at org.testng.SuiteRunner.privateRun(SuiteRunner.java:310)
	at org.testng.SuiteRunner.run(SuiteRunner.java:259)
	at org.testng.SuiteRunnerWorker.runSuite(SuiteRunnerWorker.java:52)
	at org.testng.SuiteRunnerWorker.run(SuiteRunnerWorker.java:86)
	at org.testng.TestNG.runSuitesSequentially(TestNG.java:1200)
	at org.testng.TestNG.runSuitesLocally(TestNG.java:1125)
	at org.testng.TestNG.run(TestNG.java:1033)
	at org.testng.remote.RemoteTestNG.run(RemoteTestNG.java:111)
	at org.testng.remote.RemoteTestNG.initAndRun(RemoteTestNG.java:204)
	at org.testng.remote.RemoteTestNG.main(RemoteTestNG.java:175)
Caused by: java.lang.Error: Unresolved compilation problems: 
	Workbook cannot be resolved to a type
	Workbook cannot be resolved
	Sheet cannot be resolved to a type

	at Guru99_bank.excelreadTest.getExcelData(excelreadTest.java:69)
	at Guru99_bank.excelreadTest.loginData(excelreadTest.java:56)
	at sun.reflect.NativeMethodAccessorImpl.invoke0(Native Method)
	at sun.reflect.NativeMethodAccessorImpl.invoke(NativeMethodAccessorImpl.java:62)
	at sun.reflect.DelegatingMethodAccessorImpl.invoke(DelegatingMethodAccessorImpl.java:43)
	at java.lang.reflect.Method.invoke(Method.java:498)
	at org.testng.internal.MethodInvocationHelper.invokeMethod(MethodInvocationHelper.java:85)
	at org.testng.internal.MethodInvocationHelper.invokeDataProvider(MethodInvocationHelper.java:136)
	... 20 more
]]>
            </full-stacktrace>
          </exception> <!-- java.lang.RuntimeException -->
          <reporter-output>
          </reporter-output>
        </test-method> <!-- VerifyInvalidLogin -->
        <test-method status="PASS" signature="tearDown()[pri:0, instance:Guru99_bank.excelreadTest@5a01ccaa]" name="tearDown" duration-ms="641" started-at="2019-06-06T17:15:03Z" finished-at="2019-06-06T17:15:03Z">
          <reporter-output>
          </reporter-output>
        </test-method> <!-- tearDown -->
      </class> <!-- Guru99_bank.excelreadTest -->
    </test> <!-- Default test -->
  </suite> <!-- Default suite -->
</testng-results>
